{"level":"info","message":"⌛ Building environment","timeElapsed":4603,"timestamp":"2025-08-19T23:38:40.869Z"}
{"level":"info","message":"⌛ Building environment","timeElapsed":2213,"timestamp":"2025-08-19T23:38:43.092Z"}
{"level":"info","message":"⌛ Validating example.wlk","timeElapsed":1737,"timestamp":"2025-08-19T23:38:45.709Z"}
{"level":"info","message":"⌛ Building environment","timeElapsed":856,"timestamp":"2025-08-19T23:38:46.616Z"}
{"level":"info","message":"⌛ Validating example.wlk","timeElapsed":2322,"timestamp":"2025-08-19T23:38:49.082Z"}
{"level":"info","message":"⌛ Building environment","timeElapsed":2806,"timestamp":"2025-08-19T23:39:35.072Z"}
{"level":"info","message":"⌛ Validating example.wlk","timeElapsed":2332,"timestamp":"2025-08-19T23:39:37.527Z"}
{"level":"info","message":"⌛ Building environment","timeElapsed":1464,"timestamp":"2025-08-19T23:39:45.428Z"}
{"level":"info","message":"⌛ Validating example.wlk","timeElapsed":4371,"timestamp":"2025-08-19T23:39:49.853Z"}
{"level":"info","message":"⌛ Building environment","timeElapsed":3036,"timestamp":"2025-08-19T23:45:40.119Z"}
{"level":"info","message":"⌛ Validating example.wlk","timeElapsed":3481,"timestamp":"2025-08-19T23:45:44.874Z"}
{"level":"info","message":"⌛ Building environment","timeElapsed":704,"timestamp":"2025-08-19T23:45:45.601Z"}
{"level":"info","message":"⌛ Building environment","timeElapsed":1190,"timestamp":"2025-08-19T23:45:46.849Z"}
{"level":"info","message":"⌛ Building environment","timeElapsed":1236,"timestamp":"2025-08-19T23:45:48.274Z"}
{"level":"info","message":"⌛ Building environment","timeElapsed":1110,"timestamp":"2025-08-19T23:45:49.539Z"}
{"level":"info","message":"⌛ Building environment","timeElapsed":1324,"timestamp":"2025-08-19T23:45:51.003Z"}
{"level":"info","message":"⌛ Building environment","timeElapsed":1498,"timestamp":"2025-08-19T23:45:52.557Z"}
{"level":"info","message":"⌛ Building environment","timeElapsed":679,"timestamp":"2025-08-19T23:45:53.466Z"}
{"level":"info","message":"⌛ Building environment","timeElapsed":1784,"timestamp":"2025-08-19T23:45:55.254Z"}
{"level":"info","message":"⌛ Building environment","timeElapsed":1375,"timestamp":"2025-08-19T23:45:56.655Z"}
{"level":"info","message":"⌛ Building environment","timeElapsed":1259,"timestamp":"2025-08-19T23:45:58.481Z"}
{"level":"info","message":"⌛ Building environment","timeElapsed":587,"timestamp":"2025-08-19T23:45:59.133Z"}
{"level":"info","message":"⌛ Building environment","timeElapsed":618,"timestamp":"2025-08-19T23:45:59.871Z"}
{"level":"info","message":"⌛ Autocomplete - Singleton","timeElapsed":107,"timestamp":"2025-08-19T23:45:59.983Z"}
{"level":"info","message":"⌛ Building environment","timeElapsed":536,"timestamp":"2025-08-19T23:46:00.606Z"}
{"level":"info","message":"⌛ Building environment","timeElapsed":1126,"timestamp":"2025-08-19T23:46:01.737Z"}
{"level":"info","message":"⌛ Building environment","timeElapsed":706,"timestamp":"2025-08-19T23:46:02.467Z"}
{"level":"info","message":"⌛ Building environment","timeElapsed":2631,"timestamp":"2025-08-19T23:46:05.100Z"}
{"level":"info","message":"⌛ Validating example.wlk","timeElapsed":1596,"timestamp":"2025-08-19T23:46:06.712Z"}
{"level":"info","message":"⌛ Building environment","timeElapsed":820,"timestamp":"2025-08-19T23:46:07.547Z"}
{"level":"info","message":"⌛ Building environment","timeElapsed":564,"timestamp":"2025-08-19T23:46:08.266Z"}
{"level":"info","message":"⌛ Validating example.wlk","timeElapsed":858,"timestamp":"2025-08-19T23:46:09.165Z"}
{"level":"info","message":"⌛ Building environment","timeElapsed":961,"timestamp":"2025-08-19T23:46:10.250Z"}
{"level":"info","message":"⌛ Validating example.wlk","timeElapsed":1601,"timestamp":"2025-08-19T23:46:11.854Z"}
{"level":"info","message":"⌛ Building environment","timeElapsed":618,"timestamp":"2025-08-19T23:46:12.495Z"}
{"level":"info","message":"⌛ Autocomplete - Singleton","timeElapsed":436,"timestamp":"2025-08-19T23:46:12.941Z"}
{"level":"info","message":"⌛ Validating example.wlk","timeElapsed":2891,"timestamp":"2025-08-19T23:46:15.837Z"}
{"level":"info","message":"⌛ Building environment","timeElapsed":2149,"timestamp":"2025-08-19T23:46:17.997Z"}
{"level":"info","message":"⌛ Building environment","timeElapsed":844,"timestamp":"2025-08-19T23:46:18.884Z"}
{"level":"info","message":"⌛ Validating example.wlk","timeElapsed":3090,"timestamp":"2025-08-19T23:46:22.203Z"}
{"level":"info","message":"⌛ Validating example.wlk","timeElapsed":2658,"timestamp":"2025-08-19T23:46:24.879Z"}
{"level":"info","message":"⌛ Validating example.wlk","timeElapsed":2300,"timestamp":"2025-08-19T23:46:28.415Z"}
{"level":"info","message":"⌛ Validating example.wlk","timeElapsed":1611,"timestamp":"2025-08-19T23:46:30.113Z"}
{"level":"info","message":"⌛ Validating example.wlk","timeElapsed":1886,"timestamp":"2025-08-19T23:46:32.015Z"}
{"level":"info","message":"⌛ Building environment","timeElapsed":1172,"timestamp":"2025-08-19T23:46:33.193Z"}
{"level":"info","message":"⌛ Building environment","timeElapsed":398,"timestamp":"2025-08-19T23:46:33.601Z"}
{"level":"info","message":"⌛ Building environment","timeElapsed":1955,"timestamp":"2025-08-19T23:46:35.620Z"}
{"level":"info","message":"⌛ Building environment","timeElapsed":540,"timestamp":"2025-08-19T23:46:36.167Z"}
{"level":"info","message":"⌛ Validating example.wlk","timeElapsed":933,"timestamp":"2025-08-19T23:46:37.297Z"}
{"level":"info","message":"⌛ Validating example.wlk","timeElapsed":734,"timestamp":"2025-08-19T23:46:38.060Z"}
{"level":"info","message":"⌛ Validating example.wlk","timeElapsed":671,"timestamp":"2025-08-19T23:46:38.733Z"}
{"level":"info","message":"⌛ Validating example.wlk","timeElapsed":705,"timestamp":"2025-08-19T23:46:39.481Z"}
{"level":"info","message":"⌛ Validating example.wlk","timeElapsed":604,"timestamp":"2025-08-19T23:46:40.087Z"}
{"level":"info","message":"⌛ Validating example.wlk","timeElapsed":697,"timestamp":"2025-08-19T23:46:40.933Z"}
{"level":"info","message":"⌛ Validating example.wlk","timeElapsed":1045,"timestamp":"2025-08-19T23:46:42.041Z"}
{"level":"info","message":"⌛ Validating example.wlk","timeElapsed":1379,"timestamp":"2025-08-19T23:46:43.515Z"}
{"level":"info","message":"⌛ Validating example.wlk","timeElapsed":1541,"timestamp":"2025-08-19T23:46:45.064Z"}
{"level":"info","message":"⌛ Building environment","timeElapsed":854,"timestamp":"2025-08-19T23:46:45.938Z"}
{"level":"info","message":"⌛ Building environment","timeElapsed":398,"timestamp":"2025-08-19T23:46:46.367Z"}
{"level":"info","message":"⌛ Building environment","timeElapsed":658,"timestamp":"2025-08-19T23:46:47.029Z"}
{"level":"info","message":"⌛ Building environment","timeElapsed":382,"timestamp":"2025-08-19T23:46:47.420Z"}
{"level":"info","message":"⌛ Building environment","timeElapsed":350,"timestamp":"2025-08-19T23:46:47.918Z"}
{"level":"info","message":"⌛ Building environment","timeElapsed":521,"timestamp":"2025-08-19T23:46:48.455Z"}
{"level":"info","message":"⌛ Validating example.wlk","timeElapsed":862,"timestamp":"2025-08-19T23:46:49.336Z"}
{"level":"info","message":"⌛ Building environment","timeElapsed":437,"timestamp":"2025-08-19T23:46:49.836Z"}
{"level":"info","message":"⌛ Building environment","timeElapsed":413,"timestamp":"2025-08-19T23:46:50.253Z"}
{"level":"info","message":"⌛ Validating example.wlk","timeElapsed":583,"timestamp":"2025-08-19T23:46:50.869Z"}
{"level":"info","message":"⌛ Validating example.wlk","timeElapsed":597,"timestamp":"2025-08-19T23:46:51.512Z"}
{"level":"info","message":"⌛ Validating example.wlk","timeElapsed":2081,"timestamp":"2025-08-19T23:46:53.598Z"}
{"level":"info","message":"⌛ Validating example.wlk","timeElapsed":2443,"timestamp":"2025-08-19T23:46:56.065Z"}
{"level":"info","message":"⌛ Validating example.wlk","timeElapsed":1016,"timestamp":"2025-08-19T23:46:57.083Z"}
{"level":"info","message":"⌛ Validating example.wlk","timeElapsed":1406,"timestamp":"2025-08-19T23:46:58.555Z"}
{"level":"info","message":"⌛ Validating example.wlk","timeElapsed":1400,"timestamp":"2025-08-19T23:46:59.968Z"}
{"level":"info","message":"⌛ Validating example.wlk","timeElapsed":2338,"timestamp":"2025-08-19T23:47:02.736Z"}
{"level":"info","message":"⌛ Validating example.wlk","timeElapsed":1066,"timestamp":"2025-08-19T23:47:03.803Z"}
{"level":"info","message":"⌛ Validating example.wlk","timeElapsed":1277,"timestamp":"2025-08-19T23:47:05.081Z"}
{"level":"info","message":"⌛ Validating example.wlk","timeElapsed":1265,"timestamp":"2025-08-19T23:47:06.428Z"}
{"level":"info","message":"⌛ Validating example.wlk","timeElapsed":1239,"timestamp":"2025-08-19T23:47:07.685Z"}
{"level":"info","message":"⌛ Validating example.wlk","timeElapsed":1211,"timestamp":"2025-08-19T23:47:08.898Z"}
{"level":"info","message":"⌛ Validating example.wlk","timeElapsed":1724,"timestamp":"2025-08-19T23:47:10.633Z"}
{"level":"info","message":"⌛ Validating example.wlk","timeElapsed":1378,"timestamp":"2025-08-19T23:47:12.013Z"}
{"level":"info","message":"⌛ Building environment","timeElapsed":1495,"timestamp":"2025-08-19T23:50:33.706Z"}
{"level":"info","message":"⌛ Validating example.wlk","timeElapsed":1005,"timestamp":"2025-08-19T23:50:34.978Z"}
{"level":"info","message":"⌛ Building environment","timeElapsed":772,"timestamp":"2025-08-19T23:52:23.465Z"}
{"level":"info","message":"⌛ Validating example.wlk","timeElapsed":990,"timestamp":"2025-08-19T23:52:24.585Z"}
{"level":"info","message":"⌛ Building environment","timeElapsed":1994,"timestamp":"2025-08-20T00:02:14.838Z"}
{"level":"info","message":"⌛ Building environment","timeElapsed":2235,"timestamp":"2025-08-20T00:02:17.245Z"}
{"level":"info","message":"⌛ Validating example.wlk","timeElapsed":2087,"timestamp":"2025-08-20T00:02:20.127Z"}
{"level":"info","message":"⌛ Validating example.wlk","timeElapsed":1407,"timestamp":"2025-08-20T00:02:21.535Z"}
{"level":"info","message":"⌛ Building environment","timeElapsed":16785,"timestamp":"2025-08-20T00:11:43.939Z"}
{"level":"info","message":"⌛ Building environment","timeElapsed":4085,"timestamp":"2025-08-20T00:11:49.128Z"}
{"level":"info","message":"⌛ Building environment","timeElapsed":2930,"timestamp":"2025-08-20T00:11:56.261Z"}
{"level":"info","message":"⌛ Building environment","timeElapsed":4430,"timestamp":"2025-08-20T00:12:00.693Z"}
{"level":"info","message":"⌛ Building environment","timeElapsed":2854,"timestamp":"2025-08-20T00:12:03.899Z"}
{"level":"info","message":"⌛ Building environment","timeElapsed":3365,"timestamp":"2025-08-20T00:12:07.349Z"}
{"level":"info","message":"⌛ Building environment","timeElapsed":1990,"timestamp":"2025-08-20T00:12:09.387Z"}
{"level":"info","message":"⌛ Building environment","timeElapsed":1711,"timestamp":"2025-08-20T00:12:11.099Z"}
{"level":"info","message":"⌛ Building environment","timeElapsed":1174,"timestamp":"2025-08-20T00:12:12.817Z"}
{"level":"info","message":"⌛ Building environment","timeElapsed":1491,"timestamp":"2025-08-20T00:12:14.448Z"}
{"level":"info","message":"⌛ Autocomplete - Singleton","timeElapsed":119,"timestamp":"2025-08-20T00:12:14.696Z"}
{"level":"info","message":"⌛ Building environment","timeElapsed":1251,"timestamp":"2025-08-20T00:12:15.949Z"}
{"level":"info","message":"⌛ Building environment","timeElapsed":311,"timestamp":"2025-08-20T00:12:16.262Z"}
{"level":"info","message":"⌛ Building environment","timeElapsed":395,"timestamp":"2025-08-20T00:12:16.662Z"}
{"level":"info","message":"⌛ Building environment","timeElapsed":814,"timestamp":"2025-08-20T00:12:17.484Z"}
{"level":"info","message":"⌛ Building environment","timeElapsed":1643,"timestamp":"2025-08-20T00:12:19.340Z"}
{"level":"info","message":"⌛ Building environment","timeElapsed":1012,"timestamp":"2025-08-20T00:12:20.416Z"}
{"level":"info","message":"⌛ Building environment","timeElapsed":3770,"timestamp":"2025-08-20T00:12:24.346Z"}
{"level":"info","message":"⌛ Building environment","timeElapsed":1217,"timestamp":"2025-08-20T00:12:25.632Z"}
{"level":"info","message":"⌛ Building environment","timeElapsed":1015,"timestamp":"2025-08-20T00:12:27.029Z"}
{"level":"info","message":"⌛ Building environment","timeElapsed":2144,"timestamp":"2025-08-20T00:12:29.178Z"}
{"level":"info","message":"⌛ Building environment","timeElapsed":2115,"timestamp":"2025-08-20T00:12:31.397Z"}
{"level":"error","message":"✘ Failed to get type description: Error: Failed to print, found malformed node Failed to print, found malformed node","node":{"fileName":"example.wlk","id":"34f7cecf-4cf4-4e1d-82f0-5ab62fb480eb","imports":[],"members":[{"id":"a354747f-a084-4003-a220-3cf83782cb79","members":[{"body":{"id":"8e30b203-d482-48e7-8c63-c12d98f27b57","metadata":[],"problems":[],"scope":{"containerScope":{"containerScope":{"containerScope":{"containerScope":{"contributions":{},"includedScopes":[]},"contributions":{},"includedScopes":[]},"contributions":{},"includedScopes":[{"containerScope":{"containerScope":{"containerScope":{"contributions":{},"includedScopes":[]},"contributions":{},"includedScopes":[]},"contributions":{},"includedScopes":[]},"contributions":{},"includedScopes":[]}]},"contributions":{},"includedScopes":[]},"contributions":{},"includedScopes":[]},"sentences":[{"id":"8520e570-9484-490e-b65f-ddd827fa8d21","metadata":[],"scope":{"containerScope":{"containerScope":{"containerScope":{"containerScope":{"containerScope":{"contributions":{},"includedScopes":[]},"contributions":{},"includedScopes":[]},"contributions":{},"includedScopes":[{"containerScope":{"containerScope":{"containerScope":{"contributions":{},"includedScopes":[]},"contributions":{},"includedScopes":[]},"contributions":{},"includedScopes":[]},"contributions":{},"includedScopes":[]}]},"contributions":{},"includedScopes":[]},"contributions":{},"includedScopes":[]},"contributions":{},"includedScopes":[]},"sourceMap":{"end":{"column":19,"line":4,"offset":63},"start":{"column":5,"line":4,"offset":49}},"value":{"id":"524cdf1e-4de3-42b4-99a0-98da78488464","metadata":[],"scope":{"containerScope":{"containerScope":{"containerScope":{"containerScope":{"containerScope":{"containerScope":{"contributions":{},"includedScopes":[]},"contributions":{},"includedScopes":[]},"contributions":{},"includedScopes":[{"containerScope":{"containerScope":{"containerScope":{"contributions":{},"includedScopes":[]},"contributions":{},"includedScopes":[]},"contributions":{},"includedScopes":[]},"contributions":{},"includedScopes":[]}]},"contributions":{},"includedScopes":[]},"contributions":{},"includedScopes":[]},"contributions":{},"includedScopes":[]},"contributions":{},"includedScopes":[]},"sourceMap":{"end":{"column":19,"line":4,"offset":63},"start":{"column":12,"line":4,"offset":56}},"value":"verde"}}],"sourceMap":{"end":{"column":6,"line":5,"offset":70},"start":{"column":18,"line":3,"offset":41}}},"compiled":false,"id":"bf4eed04-7aab-4030-8d47-d443d74c6072","isOverride":false,"metadata":[],"name":"color","parameters":[],"problems":[],"scope":{"containerScope":{"containerScope":{"containerScope":{"contributions":{},"includedScopes":[]},"contributions":{},"includedScopes":[]},"contributions":{},"includedScopes":[{"containerScope":{"containerScope":{"containerScope":{"contributions":{},"includedScopes":[]},"contributions":{},"includedScopes":[]},"contributions":{},"includedScopes":[]},"contributions":{},"includedScopes":[]}]},"contributions":{},"includedScopes":[]},"sourceMap":{"end":{"column":6,"line":5,"offset":70},"start":{"column":3,"line":3,"offset":26}}}],"metadata":[],"name":"algoritmo","problems":[],"scope":{"containerScope":{"containerScope":{"contributions":{},"includedScopes":[]},"contributions":{},"includedScopes":[]},"contributions":{},"includedScopes":[{"containerScope":{"containerScope":{"containerScope":{"contributions":{},"includedScopes":[]},"contributions":{},"includedScopes":[]},"contributions":{},"includedScopes":[]},"contributions":{},"includedScopes":[]}]},"sourceMap":{"end":{"column":2,"line":6,"offset":73},"start":{"column":1,"line":1,"offset":0}},"supertypes":[]}],"metadata":[],"name":"example","problems":[{"code":"malformedEntity","sourceMap":{"end":{"column":18,"line":10,"offset":120},"start":{"column":1,"line":9,"offset":79}}}],"scope":{"containerScope":{"contributions":{},"includedScopes":[]},"contributions":{},"includedScopes":[]}},"stack":"Error: Failed to print, found malformed node\n    at c:\\Users\\Franco\\.vscode\\extensions\\uqbar.wollok-lsp-ide-0.5.3\\out\\server\\src\\server.js:68:3585\n    at Gbn (c:\\Users\\Franco\\.vscode\\extensions\\uqbar.wollok-lsp-ide-0.5.3\\out\\server\\src\\server.js:68:3396)\n    at c:\\Users\\Franco\\.vscode\\extensions\\uqbar.wollok-lsp-ide-0.5.3\\out\\server\\src\\server.js:2393:847\n    at c:\\Users\\Franco\\.vscode\\extensions\\uqbar.wollok-lsp-ide-0.5.3\\out\\server\\src\\server.js:2393:8440\n    at c:\\Users\\Franco\\.vscode\\extensions\\uqbar.wollok-lsp-ide-0.5.3\\out\\server\\src\\server.js:37:74770\n    at Ye (c:\\Users\\Franco\\.vscode\\extensions\\uqbar.wollok-lsp-ide-0.5.3\\out\\server\\src\\server.js:7:8527)\n    at qt (c:\\Users\\Franco\\.vscode\\extensions\\uqbar.wollok-lsp-ide-0.5.3\\out\\server\\src\\server.js:7:6189)\n    at ot (c:\\Users\\Franco\\.vscode\\extensions\\uqbar.wollok-lsp-ide-0.5.3\\out\\server\\src\\server.js:7:6378)\n    at Immediate._onImmediate (c:\\Users\\Franco\\.vscode\\extensions\\uqbar.wollok-lsp-ide-0.5.3\\out\\server\\src\\server.js:7:6142)\n    at process.processImmediate (node:internal/timers:485:21)","timestamp":"2025-08-20T00:12:32.315Z"}
{"level":"info","message":"⌛ Building environment","timeElapsed":638,"timestamp":"2025-08-20T00:12:32.964Z"}
{"level":"info","message":"⌛ Building environment","timeElapsed":870,"timestamp":"2025-08-20T00:12:34.106Z"}
{"level":"info","message":"⌛ Validating example.wlk","timeElapsed":1587,"timestamp":"2025-08-20T00:12:36.054Z"}
{"level":"info","message":"⌛ Validating example.wlk","timeElapsed":1843,"timestamp":"2025-08-20T00:12:37.899Z"}
{"level":"info","message":"⌛ Validating example.wlk","timeElapsed":1437,"timestamp":"2025-08-20T00:12:39.338Z"}
{"level":"info","message":"⌛ Validating example.wlk","timeElapsed":1683,"timestamp":"2025-08-20T00:12:41.029Z"}
{"level":"info","message":"⌛ Validating example.wlk","timeElapsed":2047,"timestamp":"2025-08-20T00:12:43.079Z"}
{"level":"info","message":"⌛ Validating example.wlk","timeElapsed":1224,"timestamp":"2025-08-20T00:12:44.306Z"}
{"level":"info","message":"⌛ Validating example.wlk","timeElapsed":611,"timestamp":"2025-08-20T00:12:44.918Z"}
{"level":"info","message":"⌛ Validating example.wlk","timeElapsed":1009,"timestamp":"2025-08-20T00:12:45.929Z"}
{"level":"info","message":"⌛ Validating example.wlk","timeElapsed":1026,"timestamp":"2025-08-20T00:12:46.959Z"}
{"level":"info","message":"⌛ Validating example.wlk","timeElapsed":1839,"timestamp":"2025-08-20T00:12:48.847Z"}
{"level":"info","message":"⌛ Validating example.wlk","timeElapsed":677,"timestamp":"2025-08-20T00:12:49.526Z"}
{"level":"info","message":"⌛ Validating example.wlk","timeElapsed":740,"timestamp":"2025-08-20T00:12:50.267Z"}
{"level":"info","message":"⌛ Validating example.wlk","timeElapsed":999,"timestamp":"2025-08-20T00:12:51.267Z"}
{"level":"info","message":"⌛ Validating example.wlk","timeElapsed":1580,"timestamp":"2025-08-20T00:12:52.855Z"}
{"level":"info","message":"⌛ Validating example.wlk","timeElapsed":839,"timestamp":"2025-08-20T00:12:53.698Z"}
{"level":"info","message":"⌛ Validating example.wlk","timeElapsed":870,"timestamp":"2025-08-20T00:12:54.579Z"}
{"level":"info","message":"⌛ Validating example.wlk","timeElapsed":1375,"timestamp":"2025-08-20T00:12:55.957Z"}
{"level":"info","message":"⌛ Validating example.wlk","timeElapsed":1222,"timestamp":"2025-08-20T00:12:57.182Z"}
{"level":"info","message":"⌛ Validating example.wlk","timeElapsed":1831,"timestamp":"2025-08-20T00:12:59.016Z"}
{"level":"info","message":"⌛ Validating example.wlk","timeElapsed":1822,"timestamp":"2025-08-20T00:13:00.849Z"}
{"level":"info","message":"⌛ Validating example.wlk","timeElapsed":2266,"timestamp":"2025-08-20T00:13:03.186Z"}
{"level":"info","message":"⌛ Validating example.wlk","timeElapsed":2549,"timestamp":"2025-08-20T00:13:05.840Z"}
{"level":"info","message":"⌛ Validating example.wlk","timeElapsed":2258,"timestamp":"2025-08-20T00:13:08.254Z"}
{"level":"info","message":"⌛ Building environment","timeElapsed":2014,"timestamp":"2025-08-23T13:30:20.276Z"}
{"level":"info","message":"⌛ Building environment","timeElapsed":856,"timestamp":"2025-08-23T13:30:21.276Z"}
{"level":"info","message":"⌛ Validating example.wlk","timeElapsed":1201,"timestamp":"2025-08-23T13:30:22.777Z"}
{"level":"info","message":"⌛ Building environment","timeElapsed":489,"timestamp":"2025-08-23T13:30:23.275Z"}
{"level":"info","message":"⌛ Building environment","timeElapsed":927,"timestamp":"2025-08-23T13:30:24.339Z"}
{"level":"info","message":"⌛ Validating example.wlk","timeElapsed":921,"timestamp":"2025-08-23T13:30:25.286Z"}
{"level":"info","message":"⌛ Validating example.wlk","timeElapsed":661,"timestamp":"2025-08-23T13:30:25.948Z"}
{"level":"info","message":"⌛ Building environment","timeElapsed":536,"timestamp":"2025-08-23T13:30:26.772Z"}
{"level":"info","message":"⌛ Validating example.wlk","timeElapsed":741,"timestamp":"2025-08-23T13:30:27.635Z"}
{"level":"info","message":"⌛ Building environment","timeElapsed":153,"timestamp":"2025-08-23T13:30:31.876Z"}
{"level":"info","message":"⌛ Validating example.wlk","timeElapsed":401,"timestamp":"2025-08-23T13:30:32.279Z"}
{"level":"info","message":"⌛ Building environment","timeElapsed":222,"timestamp":"2025-08-23T13:37:55.126Z"}
{"level":"info","message":"⌛ Validating example.wlk","timeElapsed":1044,"timestamp":"2025-08-23T13:37:56.343Z"}
{"level":"info","message":"⌛ Building environment","timeElapsed":2487,"timestamp":"2025-08-23T20:41:12.451Z"}
{"level":"error","message":"✘ Failed to rebuild document Missing workspace folder!","stack":"Error: Missing workspace folder!\n    at JF (c:\\Users\\Franco\\.vscode\\extensions\\uqbar.wollok-lsp-ide-0.5.3\\out\\server\\src\\server.js:2393:7332)\n    at F3.invoke (c:\\Users\\Franco\\.vscode\\extensions\\uqbar.wollok-lsp-ide-0.5.3\\out\\server\\src\\server.js:3:157334)\n    at o.fire (c:\\Users\\Franco\\.vscode\\extensions\\uqbar.wollok-lsp-ide-0.5.3\\out\\server\\src\\server.js:3:158104)\n    at c:\\Users\\Franco\\.vscode\\extensions\\uqbar.wollok-lsp-ide-0.5.3\\out\\server\\src\\server.js:37:57488\n    at Zr (c:\\Users\\Franco\\.vscode\\extensions\\uqbar.wollok-lsp-ide-0.5.3\\out\\server\\src\\server.js:8:1561)\n    at qt (c:\\Users\\Franco\\.vscode\\extensions\\uqbar.wollok-lsp-ide-0.5.3\\out\\server\\src\\server.js:7:6224)\n    at ot (c:\\Users\\Franco\\.vscode\\extensions\\uqbar.wollok-lsp-ide-0.5.3\\out\\server\\src\\server.js:7:6378)\n    at Immediate._onImmediate (c:\\Users\\Franco\\.vscode\\extensions\\uqbar.wollok-lsp-ide-0.5.3\\out\\server\\src\\server.js:7:6142)\n    at process.processImmediate (node:internal/timers:485:21)","timestamp":"2025-08-23T20:41:12.540Z"}
{"level":"error","message":"✘ Failed to rebuild document Missing workspace folder!","stack":"Error: Missing workspace folder!\n    at JF (c:\\Users\\Franco\\.vscode\\extensions\\uqbar.wollok-lsp-ide-0.5.3\\out\\server\\src\\server.js:2393:7332)\n    at F3.invoke (c:\\Users\\Franco\\.vscode\\extensions\\uqbar.wollok-lsp-ide-0.5.3\\out\\server\\src\\server.js:3:157334)\n    at o.fire (c:\\Users\\Franco\\.vscode\\extensions\\uqbar.wollok-lsp-ide-0.5.3\\out\\server\\src\\server.js:3:158104)\n    at c:\\Users\\Franco\\.vscode\\extensions\\uqbar.wollok-lsp-ide-0.5.3\\out\\server\\src\\server.js:37:57871\n    at Zr (c:\\Users\\Franco\\.vscode\\extensions\\uqbar.wollok-lsp-ide-0.5.3\\out\\server\\src\\server.js:8:1561)\n    at qt (c:\\Users\\Franco\\.vscode\\extensions\\uqbar.wollok-lsp-ide-0.5.3\\out\\server\\src\\server.js:7:6224)\n    at ot (c:\\Users\\Franco\\.vscode\\extensions\\uqbar.wollok-lsp-ide-0.5.3\\out\\server\\src\\server.js:7:6378)\n    at Immediate._onImmediate (c:\\Users\\Franco\\.vscode\\extensions\\uqbar.wollok-lsp-ide-0.5.3\\out\\server\\src\\server.js:7:6142)\n    at process.processImmediate (node:internal/timers:485:21)","timestamp":"2025-08-23T20:41:12.602Z"}
{"level":"error","message":"✘ Failed to rebuild document Missing workspace folder!","stack":"Error: Missing workspace folder!\n    at JF (c:\\Users\\Franco\\.vscode\\extensions\\uqbar.wollok-lsp-ide-0.5.3\\out\\server\\src\\server.js:2393:7332)\n    at F3.invoke (c:\\Users\\Franco\\.vscode\\extensions\\uqbar.wollok-lsp-ide-0.5.3\\out\\server\\src\\server.js:3:157334)\n    at o.fire (c:\\Users\\Franco\\.vscode\\extensions\\uqbar.wollok-lsp-ide-0.5.3\\out\\server\\src\\server.js:3:158104)\n    at c:\\Users\\Franco\\.vscode\\extensions\\uqbar.wollok-lsp-ide-0.5.3\\out\\server\\src\\server.js:37:57871\n    at Zr (c:\\Users\\Franco\\.vscode\\extensions\\uqbar.wollok-lsp-ide-0.5.3\\out\\server\\src\\server.js:8:1561)\n    at qt (c:\\Users\\Franco\\.vscode\\extensions\\uqbar.wollok-lsp-ide-0.5.3\\out\\server\\src\\server.js:7:6224)\n    at ot (c:\\Users\\Franco\\.vscode\\extensions\\uqbar.wollok-lsp-ide-0.5.3\\out\\server\\src\\server.js:7:6378)\n    at Immediate._onImmediate (c:\\Users\\Franco\\.vscode\\extensions\\uqbar.wollok-lsp-ide-0.5.3\\out\\server\\src\\server.js:7:6142)\n    at process.processImmediate (node:internal/timers:485:21)","timestamp":"2025-08-23T20:41:12.603Z"}
{"level":"error","message":"✘ Failed to rebuild document Missing workspace folder!","stack":"Error: Missing workspace folder!\n    at JF (c:\\Users\\Franco\\.vscode\\extensions\\uqbar.wollok-lsp-ide-0.5.3\\out\\server\\src\\server.js:2393:7332)\n    at F3.invoke (c:\\Users\\Franco\\.vscode\\extensions\\uqbar.wollok-lsp-ide-0.5.3\\out\\server\\src\\server.js:3:157334)\n    at o.fire (c:\\Users\\Franco\\.vscode\\extensions\\uqbar.wollok-lsp-ide-0.5.3\\out\\server\\src\\server.js:3:158104)\n    at c:\\Users\\Franco\\.vscode\\extensions\\uqbar.wollok-lsp-ide-0.5.3\\out\\server\\src\\server.js:37:57871\n    at Zr (c:\\Users\\Franco\\.vscode\\extensions\\uqbar.wollok-lsp-ide-0.5.3\\out\\server\\src\\server.js:8:1561)\n    at qt (c:\\Users\\Franco\\.vscode\\extensions\\uqbar.wollok-lsp-ide-0.5.3\\out\\server\\src\\server.js:7:6224)\n    at ot (c:\\Users\\Franco\\.vscode\\extensions\\uqbar.wollok-lsp-ide-0.5.3\\out\\server\\src\\server.js:7:6378)\n    at Immediate._onImmediate (c:\\Users\\Franco\\.vscode\\extensions\\uqbar.wollok-lsp-ide-0.5.3\\out\\server\\src\\server.js:7:6142)\n    at process.processImmediate (node:internal/timers:485:21)","timestamp":"2025-08-23T20:41:12.605Z"}
{"level":"error","message":"✘ Failed to rebuild document Missing workspace folder!","stack":"Error: Missing workspace folder!\n    at JF (c:\\Users\\Franco\\.vscode\\extensions\\uqbar.wollok-lsp-ide-0.5.3\\out\\server\\src\\server.js:2393:7332)\n    at F3.invoke (c:\\Users\\Franco\\.vscode\\extensions\\uqbar.wollok-lsp-ide-0.5.3\\out\\server\\src\\server.js:3:157334)\n    at o.fire (c:\\Users\\Franco\\.vscode\\extensions\\uqbar.wollok-lsp-ide-0.5.3\\out\\server\\src\\server.js:3:158104)\n    at c:\\Users\\Franco\\.vscode\\extensions\\uqbar.wollok-lsp-ide-0.5.3\\out\\server\\src\\server.js:37:57871\n    at Zr (c:\\Users\\Franco\\.vscode\\extensions\\uqbar.wollok-lsp-ide-0.5.3\\out\\server\\src\\server.js:8:1561)\n    at qt (c:\\Users\\Franco\\.vscode\\extensions\\uqbar.wollok-lsp-ide-0.5.3\\out\\server\\src\\server.js:7:6224)\n    at ot (c:\\Users\\Franco\\.vscode\\extensions\\uqbar.wollok-lsp-ide-0.5.3\\out\\server\\src\\server.js:7:6378)\n    at Immediate._onImmediate (c:\\Users\\Franco\\.vscode\\extensions\\uqbar.wollok-lsp-ide-0.5.3\\out\\server\\src\\server.js:7:6142)\n    at process.processImmediate (node:internal/timers:485:21)","timestamp":"2025-08-23T20:41:12.607Z"}
{"level":"error","message":"✘ Failed to rebuild document Missing workspace folder!","stack":"Error: Missing workspace folder!\n    at JF (c:\\Users\\Franco\\.vscode\\extensions\\uqbar.wollok-lsp-ide-0.5.3\\out\\server\\src\\server.js:2393:7332)\n    at F3.invoke (c:\\Users\\Franco\\.vscode\\extensions\\uqbar.wollok-lsp-ide-0.5.3\\out\\server\\src\\server.js:3:157334)\n    at o.fire (c:\\Users\\Franco\\.vscode\\extensions\\uqbar.wollok-lsp-ide-0.5.3\\out\\server\\src\\server.js:3:158104)\n    at c:\\Users\\Franco\\.vscode\\extensions\\uqbar.wollok-lsp-ide-0.5.3\\out\\server\\src\\server.js:37:57871\n    at Zr (c:\\Users\\Franco\\.vscode\\extensions\\uqbar.wollok-lsp-ide-0.5.3\\out\\server\\src\\server.js:8:1561)\n    at qt (c:\\Users\\Franco\\.vscode\\extensions\\uqbar.wollok-lsp-ide-0.5.3\\out\\server\\src\\server.js:7:6224)\n    at ot (c:\\Users\\Franco\\.vscode\\extensions\\uqbar.wollok-lsp-ide-0.5.3\\out\\server\\src\\server.js:7:6378)\n    at Immediate._onImmediate (c:\\Users\\Franco\\.vscode\\extensions\\uqbar.wollok-lsp-ide-0.5.3\\out\\server\\src\\server.js:7:6142)\n    at process.processImmediate (node:internal/timers:485:21)","timestamp":"2025-08-23T20:41:12.611Z"}
{"level":"info","message":"⌛ Building environment","timeElapsed":1456,"timestamp":"2025-08-23T20:41:14.072Z"}
{"level":"info","message":"⌛ Building environment","timeElapsed":917,"timestamp":"2025-08-23T20:41:14.991Z"}
{"level":"info","message":"⌛ Building environment","timeElapsed":1188,"timestamp":"2025-08-23T20:41:16.195Z"}
{"level":"info","message":"⌛ Building environment","timeElapsed":1344,"timestamp":"2025-08-23T20:41:17.586Z"}
{"level":"info","message":"⌛ Building environment","timeElapsed":919,"timestamp":"2025-08-23T20:41:18.512Z"}
{"level":"info","message":"⌛ Building environment","timeElapsed":519,"timestamp":"2025-08-23T20:41:19.057Z"}
{"level":"info","message":"⌛ Building environment","timeElapsed":1632,"timestamp":"2025-08-23T20:41:20.885Z"}
{"level":"info","message":"⌛ Building environment","timeElapsed":926,"timestamp":"2025-08-23T20:41:21.836Z"}
{"level":"info","message":"⌛ Building environment","timeElapsed":867,"timestamp":"2025-08-23T20:41:22.827Z"}
{"level":"info","message":"⌛ Building environment","timeElapsed":571,"timestamp":"2025-08-23T20:41:23.409Z"}
{"level":"info","message":"⌛ Building environment","timeElapsed":375,"timestamp":"2025-08-23T20:41:23.785Z"}
{"level":"info","message":"⌛ Building environment","timeElapsed":345,"timestamp":"2025-08-23T20:41:24.291Z"}
{"level":"info","message":"⌛ Building environment","timeElapsed":689,"timestamp":"2025-08-23T20:41:24.990Z"}
{"level":"info","message":"⌛ Building environment","timeElapsed":470,"timestamp":"2025-08-23T20:41:25.467Z"}
{"level":"info","message":"⌛ Building environment","timeElapsed":418,"timestamp":"2025-08-23T20:41:26.104Z"}
{"level":"info","message":"⌛ Building environment","timeElapsed":585,"timestamp":"2025-08-23T20:41:26.694Z"}
{"level":"info","message":"⌛ Autocomplete - Singleton","timeElapsed":120,"timestamp":"2025-08-23T20:41:26.899Z"}
{"level":"info","message":"⌛ Building environment","timeElapsed":648,"timestamp":"2025-08-23T20:41:27.577Z"}
{"level":"info","message":"⌛ Validating example.wlk","timeElapsed":1418,"timestamp":"2025-08-23T20:41:29.191Z"}
{"level":"info","message":"⌛ Validating example.wlk","timeElapsed":1192,"timestamp":"2025-08-23T20:41:30.385Z"}
{"level":"info","message":"⌛ Validating example.wlk","timeElapsed":1471,"timestamp":"2025-08-23T20:41:31.875Z"}
{"level":"info","message":"⌛ Building environment","timeElapsed":890,"timestamp":"2025-08-23T20:41:32.772Z"}
{"level":"info","message":"⌛ Building environment","timeElapsed":1726,"timestamp":"2025-08-23T20:41:34.561Z"}
{"level":"info","message":"⌛ Building environment","timeElapsed":973,"timestamp":"2025-08-23T20:41:35.854Z"}
{"level":"info","message":"⌛ Building environment","timeElapsed":701,"timestamp":"2025-08-23T20:41:36.620Z"}
{"level":"info","message":"⌛ Validating example.wlk","timeElapsed":1283,"timestamp":"2025-08-23T20:41:37.975Z"}
{"level":"info","message":"⌛ Building environment","timeElapsed":1227,"timestamp":"2025-08-23T20:41:39.260Z"}
{"level":"info","message":"⌛ Building environment","timeElapsed":1025,"timestamp":"2025-08-23T20:41:40.636Z"}
{"level":"info","message":"⌛ Building environment","timeElapsed":672,"timestamp":"2025-08-23T20:41:41.357Z"}
{"level":"info","message":"⌛ Building environment","timeElapsed":886,"timestamp":"2025-08-23T20:41:42.311Z"}
{"level":"info","message":"⌛ Validating example.wlk","timeElapsed":907,"timestamp":"2025-08-23T20:41:43.264Z"}
{"level":"info","message":"⌛ Building environment","timeElapsed":411,"timestamp":"2025-08-23T20:41:43.744Z"}
{"level":"info","message":"⌛ Validating example.wlk","timeElapsed":942,"timestamp":"2025-08-23T20:41:44.715Z"}
{"level":"info","message":"⌛ Validating example.wlk","timeElapsed":1488,"timestamp":"2025-08-23T20:41:46.216Z"}
{"level":"info","message":"⌛ Validating example.wlk","timeElapsed":850,"timestamp":"2025-08-23T20:41:47.105Z"}
{"level":"info","message":"⌛ Validating example.wlk","timeElapsed":1345,"timestamp":"2025-08-23T20:41:48.455Z"}
{"level":"info","message":"⌛ Validating example.wlk","timeElapsed":1139,"timestamp":"2025-08-23T20:41:49.599Z"}
{"level":"info","message":"⌛ Validating example.wlk","timeElapsed":2117,"timestamp":"2025-08-23T20:41:51.721Z"}
{"level":"info","message":"⌛ Validating example.wlk","timeElapsed":816,"timestamp":"2025-08-23T20:41:52.539Z"}
{"level":"info","message":"⌛ Validating example.wlk","timeElapsed":974,"timestamp":"2025-08-23T20:41:53.515Z"}
{"level":"info","message":"⌛ Validating example.wlk","timeElapsed":876,"timestamp":"2025-08-23T20:41:54.392Z"}
{"level":"info","message":"⌛ Building environment","timeElapsed":907,"timestamp":"2025-08-23T20:41:55.304Z"}
{"level":"info","message":"⌛ Validating example.wlk","timeElapsed":1048,"timestamp":"2025-08-23T20:41:56.401Z"}
{"level":"info","message":"⌛ Validating example.wlk","timeElapsed":1365,"timestamp":"2025-08-23T20:41:57.767Z"}
{"level":"info","message":"⌛ Validating example.wlk","timeElapsed":813,"timestamp":"2025-08-23T20:41:58.582Z"}
{"level":"info","message":"⌛ Building environment","timeElapsed":900,"timestamp":"2025-08-23T20:41:59.484Z"}
{"level":"info","message":"⌛ Building environment","timeElapsed":1505,"timestamp":"2025-08-23T20:42:00.992Z"}
{"level":"info","message":"⌛ Autocomplete - Singleton","timeElapsed":175,"timestamp":"2025-08-23T20:42:01.171Z"}
{"level":"info","message":"⌛ Building environment","timeElapsed":366,"timestamp":"2025-08-23T20:42:01.571Z"}
{"level":"info","message":"⌛ Building environment","timeElapsed":414,"timestamp":"2025-08-23T20:42:02.106Z"}
{"level":"info","message":"⌛ Building environment","timeElapsed":803,"timestamp":"2025-08-23T20:42:02.921Z"}
{"level":"info","message":"⌛ Building environment","timeElapsed":390,"timestamp":"2025-08-23T20:42:03.420Z"}
{"level":"info","message":"⌛ Building environment","timeElapsed":523,"timestamp":"2025-08-23T20:42:04.166Z"}
{"level":"info","message":"⌛ Building environment","timeElapsed":883,"timestamp":"2025-08-23T20:42:05.105Z"}
{"level":"info","message":"⌛ Building environment","timeElapsed":746,"timestamp":"2025-08-23T20:42:06.170Z"}
{"level":"info","message":"⌛ Building environment","timeElapsed":4131,"timestamp":"2025-08-23T20:42:10.575Z"}
{"level":"info","message":"⌛ Building environment","timeElapsed":722,"timestamp":"2025-08-23T20:42:11.366Z"}
{"level":"info","message":"⌛ Validating example.wlk","timeElapsed":612,"timestamp":"2025-08-23T20:42:12.014Z"}
{"level":"info","message":"⌛ Building environment","timeElapsed":1008,"timestamp":"2025-08-23T20:42:13.104Z"}
{"level":"info","message":"⌛ Autocomplete - Singleton","timeElapsed":115,"timestamp":"2025-08-23T20:42:13.222Z"}
{"level":"info","message":"⌛ Building environment","timeElapsed":1077,"timestamp":"2025-08-23T20:42:14.308Z"}
{"level":"info","message":"⌛ Autocomplete - Singleton","timeElapsed":437,"timestamp":"2025-08-23T20:42:14.838Z"}
{"level":"info","message":"⌛ Building environment","timeElapsed":833,"timestamp":"2025-08-23T20:42:15.677Z"}
{"level":"info","message":"⌛ Autocomplete - Singleton","timeElapsed":108,"timestamp":"2025-08-23T20:42:16.049Z"}
{"level":"info","message":"⌛ Validating example.wlk","timeElapsed":654,"timestamp":"2025-08-23T20:42:16.705Z"}
{"level":"info","message":"⌛ Building environment","timeElapsed":507,"timestamp":"2025-08-23T20:42:17.275Z"}
{"level":"info","message":"⌛ Autocomplete - Singleton","timeElapsed":107,"timestamp":"2025-08-23T20:42:17.385Z"}
{"level":"info","message":"⌛ Building environment","timeElapsed":441,"timestamp":"2025-08-23T20:42:17.858Z"}
{"level":"info","message":"⌛ Building environment","timeElapsed":815,"timestamp":"2025-08-23T20:42:18.789Z"}
{"level":"info","message":"⌛ Validating example.wlk","timeElapsed":1070,"timestamp":"2025-08-23T20:42:19.880Z"}
{"level":"info","message":"⌛ Validating example.wlk","timeElapsed":1503,"timestamp":"2025-08-23T20:42:21.386Z"}
{"level":"info","message":"⌛ Building environment","timeElapsed":406,"timestamp":"2025-08-23T20:42:21.821Z"}
{"level":"info","message":"⌛ Building environment","timeElapsed":844,"timestamp":"2025-08-23T20:42:22.787Z"}
{"level":"info","message":"⌛ Validating example.wlk","timeElapsed":1309,"timestamp":"2025-08-23T20:42:24.101Z"}
{"level":"info","message":"⌛ Building environment","timeElapsed":792,"timestamp":"2025-08-23T20:42:24.894Z"}
{"level":"info","message":"⌛ Building environment","timeElapsed":597,"timestamp":"2025-08-23T20:42:25.506Z"}
{"level":"info","message":"⌛ Building environment","timeElapsed":375,"timestamp":"2025-08-23T20:42:25.940Z"}
{"level":"info","message":"⌛ Building environment","timeElapsed":528,"timestamp":"2025-08-23T20:42:26.475Z"}
{"level":"info","message":"⌛ Validating example.wlk","timeElapsed":1146,"timestamp":"2025-08-23T20:42:27.659Z"}
{"level":"info","message":"⌛ Validating example.wlk","timeElapsed":1369,"timestamp":"2025-08-23T20:42:29.030Z"}
{"level":"info","message":"⌛ Validating example.wlk","timeElapsed":1016,"timestamp":"2025-08-23T20:42:30.046Z"}
{"level":"info","message":"⌛ Validating example.wlk","timeElapsed":613,"timestamp":"2025-08-23T20:42:30.661Z"}
{"level":"info","message":"⌛ Building environment","timeElapsed":691,"timestamp":"2025-08-23T20:42:31.373Z"}
{"level":"info","message":"⌛ Autocomplete - Singleton","timeElapsed":114,"timestamp":"2025-08-23T20:42:31.561Z"}
{"level":"info","message":"⌛ Building environment","timeElapsed":279,"timestamp":"2025-08-23T20:42:31.847Z"}
{"level":"info","message":"⌛ Building environment","timeElapsed":677,"timestamp":"2025-08-23T20:42:32.537Z"}
{"level":"info","message":"⌛ Building environment","timeElapsed":368,"timestamp":"2025-08-23T20:42:32.940Z"}
{"level":"info","message":"⌛ Building environment","timeElapsed":235,"timestamp":"2025-08-23T20:42:33.271Z"}
{"level":"info","message":"⌛ Building environment","timeElapsed":406,"timestamp":"2025-08-23T20:42:33.782Z"}
{"level":"info","message":"⌛ Building environment","timeElapsed":293,"timestamp":"2025-08-23T20:42:34.086Z"}
{"level":"info","message":"⌛ Building environment","timeElapsed":243,"timestamp":"2025-08-23T20:42:34.456Z"}
{"level":"info","message":"⌛ Building environment","timeElapsed":375,"timestamp":"2025-08-23T20:42:34.865Z"}
{"level":"info","message":"⌛ Building environment","timeElapsed":426,"timestamp":"2025-08-23T20:42:35.300Z"}
{"level":"info","message":"⌛ Building environment","timeElapsed":826,"timestamp":"2025-08-23T20:42:36.570Z"}
{"level":"info","message":"⌛ Building environment","timeElapsed":594,"timestamp":"2025-08-23T20:42:37.226Z"}
{"level":"info","message":"⌛ Building environment","timeElapsed":399,"timestamp":"2025-08-23T20:42:38.107Z"}
{"level":"info","message":"⌛ Building environment","timeElapsed":727,"timestamp":"2025-08-23T20:42:38.935Z"}
{"level":"info","message":"⌛ Validating example.wlk","timeElapsed":626,"timestamp":"2025-08-23T20:42:39.563Z"}
{"level":"info","message":"⌛ Building environment","timeElapsed":328,"timestamp":"2025-08-23T20:42:39.914Z"}
{"level":"info","message":"⌛ Building environment","timeElapsed":916,"timestamp":"2025-08-23T20:42:40.834Z"}
{"level":"info","message":"⌛ Building environment","timeElapsed":449,"timestamp":"2025-08-23T20:42:41.284Z"}
{"level":"info","message":"⌛ Building environment","timeElapsed":357,"timestamp":"2025-08-23T20:42:41.792Z"}
{"level":"info","message":"⌛ Building environment","timeElapsed":673,"timestamp":"2025-08-23T20:42:42.471Z"}
{"level":"info","message":"⌛ Building environment","timeElapsed":399,"timestamp":"2025-08-23T20:42:42.906Z"}
{"level":"info","message":"⌛ Building environment","timeElapsed":497,"timestamp":"2025-08-23T20:42:43.475Z"}
{"level":"info","message":"⌛ Building environment","timeElapsed":751,"timestamp":"2025-08-23T20:42:44.304Z"}
{"level":"info","message":"⌛ Building environment","timeElapsed":492,"timestamp":"2025-08-23T20:42:44.906Z"}
{"level":"info","message":"⌛ Building environment","timeElapsed":1475,"timestamp":"2025-08-23T20:42:46.542Z"}
{"level":"info","message":"⌛ Building environment","timeElapsed":715,"timestamp":"2025-08-23T20:42:47.271Z"}
{"level":"info","message":"⌛ Building environment","timeElapsed":533,"timestamp":"2025-08-23T20:42:47.805Z"}
{"level":"info","message":"⌛ Validating example.wlk","timeElapsed":1313,"timestamp":"2025-08-23T20:42:49.140Z"}
{"level":"info","message":"⌛ Building environment","timeElapsed":1211,"timestamp":"2025-08-23T20:42:50.365Z"}
{"level":"info","message":"⌛ Building environment","timeElapsed":279,"timestamp":"2025-08-23T20:42:50.646Z"}
{"level":"info","message":"⌛ Building environment","timeElapsed":482,"timestamp":"2025-08-23T20:42:51.167Z"}
{"level":"info","message":"⌛ Validating example.wlk","timeElapsed":601,"timestamp":"2025-08-23T20:42:51.774Z"}
{"level":"info","message":"⌛ Building environment","timeElapsed":4042,"timestamp":"2025-08-23T20:42:56.035Z"}
{"level":"info","message":"⌛ Validating example.wlk","timeElapsed":1175,"timestamp":"2025-08-23T20:42:57.230Z"}
{"level":"info","message":"⌛ Validating example.wlk","timeElapsed":621,"timestamp":"2025-08-23T20:42:57.882Z"}
{"level":"info","message":"⌛ Validating example.wlk","timeElapsed":638,"timestamp":"2025-08-23T20:42:58.524Z"}
{"level":"info","message":"⌛ Building environment","timeElapsed":6851,"timestamp":"2025-08-23T20:43:05.381Z"}
{"level":"info","message":"⌛ Validating example.wlk","timeElapsed":631,"timestamp":"2025-08-23T20:43:06.078Z"}
{"level":"info","message":"⌛ Building environment","timeElapsed":522,"timestamp":"2025-08-23T20:43:06.601Z"}
{"level":"info","message":"⌛ Building environment","timeElapsed":616,"timestamp":"2025-08-23T20:43:07.219Z"}
{"level":"info","message":"⌛ Building environment","timeElapsed":548,"timestamp":"2025-08-23T20:43:07.781Z"}
{"level":"info","message":"⌛ Building environment","timeElapsed":519,"timestamp":"2025-08-23T20:43:08.316Z"}
{"level":"info","message":"⌛ Building environment","timeElapsed":699,"timestamp":"2025-08-23T20:43:09.019Z"}
{"level":"info","message":"⌛ Validating example.wlk","timeElapsed":930,"timestamp":"2025-08-23T20:43:10.010Z"}
{"level":"info","message":"⌛ Validating example.wlk","timeElapsed":611,"timestamp":"2025-08-23T20:43:10.641Z"}
{"level":"info","message":"⌛ Validating example.wlk","timeElapsed":427,"timestamp":"2025-08-23T20:43:11.069Z"}
{"level":"info","message":"⌛ Validating example.wlk","timeElapsed":396,"timestamp":"2025-08-23T20:43:11.467Z"}
{"level":"info","message":"⌛ Validating example.wlk","timeElapsed":383,"timestamp":"2025-08-23T20:43:11.850Z"}
{"level":"info","message":"⌛ Validating example.wlk","timeElapsed":352,"timestamp":"2025-08-23T20:43:12.211Z"}
{"level":"info","message":"⌛ Validating example.wlk","timeElapsed":397,"timestamp":"2025-08-23T20:43:12.609Z"}
{"level":"info","message":"⌛ Validating example.wlk","timeElapsed":591,"timestamp":"2025-08-23T20:43:13.201Z"}
{"level":"info","message":"⌛ Validating example.wlk","timeElapsed":465,"timestamp":"2025-08-23T20:43:13.691Z"}
{"level":"info","message":"⌛ Validating example.wlk","timeElapsed":345,"timestamp":"2025-08-23T20:43:14.038Z"}
{"level":"info","message":"⌛ Validating example.wlk","timeElapsed":424,"timestamp":"2025-08-23T20:43:14.472Z"}
{"level":"info","message":"⌛ Validating example.wlk","timeElapsed":503,"timestamp":"2025-08-23T20:43:15.012Z"}
{"level":"info","message":"⌛ Validating example.wlk","timeElapsed":464,"timestamp":"2025-08-23T20:43:15.481Z"}
{"level":"info","message":"⌛ Validating example.wlk","timeElapsed":378,"timestamp":"2025-08-23T20:43:15.866Z"}
{"level":"info","message":"⌛ Validating example.wlk","timeElapsed":334,"timestamp":"2025-08-23T20:43:16.201Z"}
{"level":"info","message":"⌛ Validating example.wlk","timeElapsed":343,"timestamp":"2025-08-23T20:43:16.561Z"}
{"level":"info","message":"⌛ Validating example.wlk","timeElapsed":407,"timestamp":"2025-08-23T20:43:16.969Z"}
{"level":"info","message":"⌛ Validating example.wlk","timeElapsed":331,"timestamp":"2025-08-23T20:43:17.334Z"}
{"level":"info","message":"⌛ Validating example.wlk","timeElapsed":352,"timestamp":"2025-08-23T20:43:17.688Z"}
{"level":"info","message":"⌛ Validating example.wlk","timeElapsed":306,"timestamp":"2025-08-23T20:43:17.996Z"}
{"level":"info","message":"⌛ Validating example.wlk","timeElapsed":296,"timestamp":"2025-08-23T20:43:18.293Z"}
{"level":"info","message":"⌛ Validating example.wlk","timeElapsed":305,"timestamp":"2025-08-23T20:43:18.598Z"}
{"level":"info","message":"⌛ Validating example.wlk","timeElapsed":301,"timestamp":"2025-08-23T20:43:18.901Z"}
{"level":"info","message":"⌛ Validating example.wlk","timeElapsed":368,"timestamp":"2025-08-23T20:43:19.269Z"}
{"level":"info","message":"⌛ Validating example.wlk","timeElapsed":266,"timestamp":"2025-08-23T20:43:19.536Z"}
{"level":"info","message":"⌛ Validating example.wlk","timeElapsed":303,"timestamp":"2025-08-23T20:43:19.840Z"}
{"level":"info","message":"⌛ Validating example.wlk","timeElapsed":311,"timestamp":"2025-08-23T20:43:20.155Z"}
{"level":"info","message":"⌛ Validating example.wlk","timeElapsed":492,"timestamp":"2025-08-23T20:43:20.648Z"}
{"level":"info","message":"⌛ Validating example.wlk","timeElapsed":352,"timestamp":"2025-08-23T20:43:21.001Z"}
{"level":"info","message":"⌛ Validating example.wlk","timeElapsed":330,"timestamp":"2025-08-23T20:43:21.332Z"}
{"level":"info","message":"⌛ Validating example.wlk","timeElapsed":326,"timestamp":"2025-08-23T20:43:21.662Z"}
{"level":"info","message":"⌛ Validating example.wlk","timeElapsed":293,"timestamp":"2025-08-23T20:43:21.960Z"}
{"level":"info","message":"⌛ Validating example.wlk","timeElapsed":311,"timestamp":"2025-08-23T20:43:22.271Z"}
{"level":"info","message":"⌛ Validating example.wlk","timeElapsed":300,"timestamp":"2025-08-23T20:43:22.572Z"}
{"level":"info","message":"⌛ Validating example.wlk","timeElapsed":300,"timestamp":"2025-08-23T20:43:22.880Z"}
{"level":"info","message":"⌛ Validating example.wlk","timeElapsed":288,"timestamp":"2025-08-23T20:43:23.168Z"}
{"level":"info","message":"⌛ Validating example.wlk","timeElapsed":310,"timestamp":"2025-08-23T20:43:23.479Z"}
{"level":"info","message":"⌛ Validating example.wlk","timeElapsed":302,"timestamp":"2025-08-23T20:43:23.781Z"}
{"level":"info","message":"⌛ Validating example.wlk","timeElapsed":293,"timestamp":"2025-08-23T20:43:24.077Z"}
{"level":"info","message":"⌛ Validating example.wlk","timeElapsed":288,"timestamp":"2025-08-23T20:43:24.366Z"}
{"level":"info","message":"⌛ Validating example.wlk","timeElapsed":280,"timestamp":"2025-08-23T20:43:24.647Z"}
{"level":"info","message":"⌛ Validating example.wlk","timeElapsed":309,"timestamp":"2025-08-23T20:43:24.956Z"}
{"level":"info","message":"⌛ Validating example.wlk","timeElapsed":295,"timestamp":"2025-08-23T20:43:25.252Z"}
{"level":"info","message":"⌛ Validating example.wlk","timeElapsed":278,"timestamp":"2025-08-23T20:43:25.538Z"}
{"level":"info","message":"⌛ Validating example.wlk","timeElapsed":528,"timestamp":"2025-08-23T20:43:26.123Z"}
{"level":"info","message":"⌛ Validating example.wlk","timeElapsed":284,"timestamp":"2025-08-23T20:43:26.423Z"}
{"level":"info","message":"⌛ Validating example.wlk","timeElapsed":305,"timestamp":"2025-08-23T20:43:26.747Z"}
{"level":"info","message":"⌛ Validating example.wlk","timeElapsed":304,"timestamp":"2025-08-23T20:43:27.052Z"}
{"level":"info","message":"⌛ Validating example.wlk","timeElapsed":291,"timestamp":"2025-08-23T20:43:27.359Z"}
{"level":"info","message":"⌛ Validating example.wlk","timeElapsed":447,"timestamp":"2025-08-23T20:43:27.820Z"}
{"level":"info","message":"⌛ Validating example.wlk","timeElapsed":359,"timestamp":"2025-08-23T20:43:28.192Z"}
{"level":"info","message":"⌛ Validating example.wlk","timeElapsed":297,"timestamp":"2025-08-23T20:43:28.499Z"}
{"level":"info","message":"⌛ Validating example.wlk","timeElapsed":323,"timestamp":"2025-08-23T20:43:28.832Z"}
{"level":"info","message":"⌛ Building environment","timeElapsed":623,"timestamp":"2025-08-23T20:47:12.093Z"}
{"level":"info","message":"⌛ Building environment","timeElapsed":687,"timestamp":"2025-08-23T20:47:12.964Z"}
{"level":"info","message":"⌛ Building environment","timeElapsed":369,"timestamp":"2025-08-23T20:47:13.344Z"}
{"level":"info","message":"⌛ Building environment","timeElapsed":455,"timestamp":"2025-08-23T20:47:13.907Z"}
{"level":"info","message":"⌛ Building environment","timeElapsed":364,"timestamp":"2025-08-23T20:47:14.319Z"}
{"level":"info","message":"⌛ Validating example.wlk","timeElapsed":706,"timestamp":"2025-08-23T20:47:15.027Z"}
{"level":"info","message":"⌛ Building environment","timeElapsed":1115,"timestamp":"2025-08-23T20:47:16.185Z"}
{"level":"info","message":"⌛ Building environment","timeElapsed":357,"timestamp":"2025-08-23T20:47:16.560Z"}
{"level":"info","message":"⌛ Validating example.wlk","timeElapsed":543,"timestamp":"2025-08-23T20:47:17.183Z"}
{"level":"info","message":"⌛ Validating example.wlk","timeElapsed":398,"timestamp":"2025-08-23T20:47:17.583Z"}
{"level":"info","message":"⌛ Validating example.wlk","timeElapsed":399,"timestamp":"2025-08-23T20:47:17.985Z"}
{"level":"info","message":"⌛ Building environment","timeElapsed":515,"timestamp":"2025-08-23T20:47:18.541Z"}
{"level":"info","message":"⌛ Autocomplete - Singleton","timeElapsed":130,"timestamp":"2025-08-23T20:47:18.674Z"}
{"level":"info","message":"⌛ Building environment","timeElapsed":657,"timestamp":"2025-08-23T20:47:19.340Z"}
{"level":"info","message":"⌛ Validating example.wlk","timeElapsed":616,"timestamp":"2025-08-23T20:47:20.099Z"}
{"level":"info","message":"⌛ Building environment","timeElapsed":589,"timestamp":"2025-08-23T20:47:20.692Z"}
{"level":"info","message":"⌛ Building environment","timeElapsed":692,"timestamp":"2025-08-23T20:47:21.410Z"}
{"level":"info","message":"⌛ Building environment","timeElapsed":331,"timestamp":"2025-08-23T20:47:21.832Z"}
{"level":"info","message":"⌛ Building environment","timeElapsed":693,"timestamp":"2025-08-23T20:47:22.622Z"}
{"level":"info","message":"⌛ Building environment","timeElapsed":384,"timestamp":"2025-08-23T20:47:23.009Z"}
{"level":"info","message":"⌛ Validating example.wlk","timeElapsed":384,"timestamp":"2025-08-23T20:47:23.418Z"}
{"level":"info","message":"⌛ Validating example.wlk","timeElapsed":329,"timestamp":"2025-08-23T20:47:23.747Z"}
{"level":"info","message":"⌛ Validating example.wlk","timeElapsed":360,"timestamp":"2025-08-23T20:47:24.109Z"}
{"level":"info","message":"⌛ Validating example.wlk","timeElapsed":352,"timestamp":"2025-08-23T20:47:24.462Z"}
{"level":"info","message":"⌛ Validating example.wlk","timeElapsed":381,"timestamp":"2025-08-23T20:47:24.928Z"}
{"level":"info","message":"⌛ Validating example.wlk","timeElapsed":271,"timestamp":"2025-08-23T20:47:25.208Z"}
{"level":"info","message":"⌛ Validating example.wlk","timeElapsed":272,"timestamp":"2025-08-23T20:47:25.482Z"}
{"level":"info","message":"⌛ Validating example.wlk","timeElapsed":270,"timestamp":"2025-08-23T20:47:25.753Z"}
{"level":"info","message":"⌛ Validating example.wlk","timeElapsed":326,"timestamp":"2025-08-23T20:47:26.080Z"}
{"level":"info","message":"⌛ Building environment","timeElapsed":215,"timestamp":"2025-08-23T20:47:29.924Z"}
{"level":"info","message":"⌛ Validating example.wlk","timeElapsed":309,"timestamp":"2025-08-23T20:47:30.238Z"}
{"level":"info","message":"⌛ Building environment","timeElapsed":580,"timestamp":"2025-08-23T20:47:31.469Z"}
{"level":"info","message":"⌛ Validating example.wlk","timeElapsed":758,"timestamp":"2025-08-23T20:47:32.283Z"}
